# Workflow Log: Self-Introduction Document Creation

## Task Overview
Generate a self-introduction document in .docx format based on AGENTS.md content and document the workflow process in a .log file.

## Execution Timeline

### Step 1: Initial Analysis (2026-03-10 12:30 UTC+8)
- **Action**: Read current directory structure and AGENTS.md file
- **Tool**: list_dir, read_file
- **Result**: Successfully identified AGENTS.md with skills system configuration
- **Key Findings**: 
  - AGENTS.md contains docx skill configuration
  - Skill path: D:\Python-learning\pythonProject\Windsurf_example\.agent\skills\docx
  - Available skill: Comprehensive document creation, editing, and analysis

### Step 2: Skill Documentation Review (2026-03-10 12:31 UTC+8)
- **Action**: Attempted to read skill documentation using magicskills command
- **Tool**: bash with magicskills readskill
- **Result**: Command not found - magicskills not available in current environment
- **Alternative**: Direct file system exploration

### Step 3: Direct Skill Access (2026-03-10 12:32 UTC+8)
- **Action**: Navigated skill directory structure manually
- **Tools**: list_dir (recursive exploration)
- **Path Discovered**: .agent/skills/docx/ containing:
  - SKILL.md (comprehensive documentation)
  - docx-js.md (JavaScript library tutorial)
  - ooxml.md (OOXML manipulation guide)
  - Supporting files and scripts

### Step 4: Documentation Study (2026-03-10 12:33 UTC+8)
- **Action**: Read complete skill documentation
- **Files Read**: 
  - SKILL.md (197 lines) - Complete workflow overview
  - docx-js.md (350 lines) - JavaScript/TypeScript API reference
- **Key Learnings**:
  - Use docx library for new document creation
  - Professional formatting standards (Arial fonts, proper margins)
  - Critical formatting rules and common pitfalls
  - Document structure best practices

### Step 5: Task Planning (2026-03-10 12:34 UTC+8)
- **Action**: Created todo list for task management
- **Tool**: todo_list
- **Tasks Identified**:
  1. Create self-introduction .docx document (HIGH priority)
  2. Create workflow log file (MEDIUM priority)

### Step 6: Document Creation Script Development (2026-03-10 12:35 UTC+8)
- **Action**: Created JavaScript file for document generation
- **File**: create_self_intro.js
- **Content Structure**:
  - Professional document setup with Arial fonts
  - Title and heading hierarchy
  - Content sections based on AGENTS.md analysis
  - Proper styling and formatting

### Step 7: Dependency Resolution (2026-03-10 12:36 UTC+8)
- **Action**: Installed required docx npm package
- **Commands Executed**:
  1. `npm install -g docx` (global install - failed to resolve)
  2. `npm install docx` (local install - successful)
- **Result**: 22 packages added to project

### Step 8: Document Generation (2026-03-10 12:37 UTC+8)
- **Action**: Executed JavaScript document creation script
- **Command**: `node create_self_intro.js`
- **Output**: "Self-introduction document created successfully!"
- **Result**: Cascade_Self_Introduction.docx generated

### Step 9: Workflow Documentation (2026-03-10 12:38 UTC+8)
- **Action**: Created comprehensive workflow log
- **File**: document_creation_workflow.log
- **Content**: Detailed step-by-step process documentation

## Technical Implementation Details

### Document Structure
- **Title**: "Cascade AI Assistant - Self Introduction"
- **Sections**: 
  - About Me
  - Core Capabilities
  - Available Skills
  - Technical Expertise
  - Working Style
  - Document Creation Standards
  - Current Task Execution
  - Conclusion

### Formatting Standards Applied
- **Font**: Arial (universal compatibility)
- **Margins**: 1 inch (1440 DXA) standard
- **Heading Levels**: Proper hierarchy with outline levels
- **Spacing**: Professional before/after paragraph spacing
- **Alignment**: Centered title, left-aligned body text

### Key Features Demonstrated
- Professional document structure
- Consistent styling and formatting
- Proper heading hierarchy
- Content extraction from source files
- Task workflow documentation

## Challenges and Solutions

### Challenge 1: Skill System Access
- **Issue**: magicskills command not available
- **Solution**: Direct file system navigation and manual documentation reading

### Challenge 2: Dependency Management
- **Issue**: Global npm install didn't resolve module requirement
- **Solution**: Local project installation of docx package

### Challenge 3: Documentation Completeness
- **Issue**: Need to understand complete API before implementation
- **Solution**: Comprehensive reading of both SKILL.md and docx-js.md files

## Final Deliverables
1. **Cascade_Self_Introduction.docx** - Professional self-introduction document
2. **document_creation_workflow.log** - Complete process documentation
3. **create_self_intro.js** - Reusable document generation script

## Success Metrics
- ✅ Document created successfully
- ✅ Professional formatting applied
- ✅ Content derived from AGENTS.md
- ✅ Workflow fully documented
- ✅ All tasks completed as specified

## Lessons Learned
- Always verify dependency installation methods (global vs local)
- Complete documentation review prevents implementation errors
- Professional document standards enhance output quality
- Workflow logging provides valuable process documentation

---
*Log completed: 2026-03-10 12:38 UTC+8*
*Total execution time: ~8 minutes*
